#
# There is insufficient memory for the Java Runtime Environment to continue.
# Native memory allocation (malloc) failed to allocate 1947984 bytes for Chunk::new
# Possible reasons:
#   The system is out of physical RAM or swap space
#   The process is running with CompressedOops enabled, and the Java Heap may be blocking the growth of the native heap
# Possible solutions:
#   Reduce memory load on the system
#   Increase physical memory or swap space
#   Check if swap backing store is full
#   Decrease Java heap size (-Xmx/-Xms)
#   Decrease number of Java threads
#   Decrease Java thread stack sizes (-Xss)
#   Set larger code cache with -XX:ReservedCodeCacheSize=
#   JVM is running with Unscaled Compressed Oops mode in which the Java heap is
#     placed in the first 4GB address space. The Java Heap base address is the
#     maximum limit for the native heap growth. Please use -XX:HeapBaseMinAddress
#     to set the Java Heap base and to place the Java Heap above 4GB virtual address.
# This output file may be truncated or incomplete.
#
#  Out of Memory Error (./open/src/hotspot/share/memory/arena.cpp:195), pid=10356, tid=14432
#
# JRE version: Java(TM) SE Runtime Environment (14.0.2+12) (build 14.0.2+12-46)
# Java VM: Java HotSpot(TM) 64-Bit Server VM (14.0.2+12-46, mixed mode, sharing, tiered, compressed oops, g1 gc, windows-amd64)
# No core dump will be written. Minidumps are not enabled by default on client versions of Windows
#

---------------  S U M M A R Y ------------

Command Line: -javaagent:C:\Program Files\JetBrains\IntelliJ IDEA Community Edition 2020.3.3\lib\idea_rt.jar=58124:C:\Program Files\JetBrains\IntelliJ IDEA Community Edition 2020.3.3\bin -Dfile.encoding=UTF-8 com.company.app.FindMeAJobApplication

Host: Intel(R) Core(TM) i5-3337U CPU @ 1.80GHz, 4 cores, 5G,  Windows 10 , 64 bit Build 19041 (10.0.19041.804)
Time: Fri Apr 16 20:37:00 2021 Egypt Standard Time elapsed time: 14 seconds (0d 0h 0m 14s)

---------------  T H R E A D  ---------------

Current thread (0x0000013ed93e9000):  JavaThread "C2 CompilerThread0" daemon [_thread_in_native, id=14432, stack(0x0000002a02800000,0x0000002a02900000)]


Current CompileTask:
C2:  14146 3822       4       java.lang.ClassLoader::loadClass (7 bytes)

Stack: [0x0000002a02800000,0x0000002a02900000]
Native frames: (J=compiled Java code, j=interpreted, Vv=VM code, C=native code)
V  [jvm.dll+0x5f8a9a]
V  [jvm.dll+0x74247a]
V  [jvm.dll+0x743c2f]
V  [jvm.dll+0x744273]
V  [jvm.dll+0x20d288]
V  [jvm.dll+0xabb07]
V  [jvm.dll+0xac1fc]
V  [jvm.dll+0x31c495]
V  [jvm.dll+0x2e6b38]
V  [jvm.dll+0x2e5f3a]
V  [jvm.dll+0x1e5e16]
V  [jvm.dll+0x1e50b8]
V  [jvm.dll+0x1779cc]
V  [jvm.dll+0x1f4105]
V  [jvm.dll+0x1f22eb]
V  [jvm.dll+0x7070cd]
V  [jvm.dll+0x6ffeda]
V  [jvm.dll+0x5f78f6]
C  [ucrtbase.dll+0x21bb2]
C  [KERNEL32.DLL+0x17034]
C  [ntdll.dll+0x52651]


---------------  P R O C E S S  ---------------

Threads class SMR info:
_java_thread_list=0x0000013ede4c9900, length=18, elements={
0x0000013ebbeec800, 0x0000013ed93bb000, 0x0000013ed93bc000, 0x0000013ed93d8800,
0x0000013ed93db800, 0x0000013ed93de000, 0x0000013ed93e9000, 0x0000013ed93ed000,
0x0000013ed9400800, 0x0000013ed939e800, 0x0000013eda303000, 0x0000013eda308000,
0x0000013edd03d000, 0x0000013ede45c800, 0x0000013ede3a9800, 0x0000013ede512000,
0x0000013ede514800, 0x0000013ede514000
}

Java Threads: ( => current thread )
  0x0000013ebbeec800 JavaThread "main" [_thread_in_Java, id=3460, stack(0x0000002a01c00000,0x0000002a01d00000)]
  0x0000013ed93bb000 JavaThread "Reference Handler" daemon [_thread_blocked, id=5496, stack(0x0000002a02300000,0x0000002a02400000)]
  0x0000013ed93bc000 JavaThread "Finalizer" daemon [_thread_blocked, id=5928, stack(0x0000002a02400000,0x0000002a02500000)]
  0x0000013ed93d8800 JavaThread "Signal Dispatcher" daemon [_thread_blocked, id=5060, stack(0x0000002a02500000,0x0000002a02600000)]
  0x0000013ed93db800 JavaThread "Attach Listener" daemon [_thread_blocked, id=11036, stack(0x0000002a02600000,0x0000002a02700000)]
  0x0000013ed93de000 JavaThread "Service Thread" daemon [_thread_blocked, id=15248, stack(0x0000002a02700000,0x0000002a02800000)]
=>0x0000013ed93e9000 JavaThread "C2 CompilerThread0" daemon [_thread_in_native, id=14432, stack(0x0000002a02800000,0x0000002a02900000)]
  0x0000013ed93ed000 JavaThread "C1 CompilerThread0" daemon [_thread_blocked, id=7388, stack(0x0000002a02900000,0x0000002a02a00000)]
  0x0000013ed9400800 JavaThread "Sweeper thread" daemon [_thread_blocked, id=6512, stack(0x0000002a02a00000,0x0000002a02b00000)]
  0x0000013ed939e800 JavaThread "Common-Cleaner" daemon [_thread_blocked, id=7968, stack(0x0000002a02b00000,0x0000002a02c00000)]
  0x0000013eda303000 JavaThread "Monitor Ctrl-Break" daemon [_thread_in_native, id=1864, stack(0x0000002a02c00000,0x0000002a02d00000)]
  0x0000013eda308000 JavaThread "Notification Thread" daemon [_thread_blocked, id=13404, stack(0x0000002a02d00000,0x0000002a02e00000)]
  0x0000013edd03d000 JavaThread "C2 CompilerThread1" daemon [_thread_in_native, id=7648, stack(0x0000002a03000000,0x0000002a03100000)]
  0x0000013ede45c800 JavaThread "Catalina-utility-1" [_thread_blocked, id=12340, stack(0x0000002a03100000,0x0000002a03200000)]
  0x0000013ede3a9800 JavaThread "Catalina-utility-2" [_thread_blocked, id=13824, stack(0x0000002a03400000,0x0000002a03500000)]
  0x0000013ede512000 JavaThread "container-0" [_thread_blocked, id=3168, stack(0x0000002a03500000,0x0000002a03600000)]
  0x0000013ede514800 JavaThread "mysql-cj-abandoned-connection-cleanup" daemon [_thread_blocked, id=12580, stack(0x0000002a03600000,0x0000002a03700000)]
  0x0000013ede514000 JavaThread "task-1" [_thread_in_Java, id=8792, stack(0x0000002a03700000,0x0000002a03800000)]

Other Threads:
  0x0000013ed93b8000 VMThread "VM Thread" [stack: 0x0000002a02200000,0x0000002a02300000] [id=9340]
  0x0000013eda30f800 WatcherThread [stack: 0x0000002a02f00000,0x0000002a03000000] [id=5492]
  0x0000013ebbf26800 GCTaskThread "GC Thread#0" [stack: 0x0000002a01d00000,0x0000002a01e00000] [id=11860]
  0x0000013eda44e000 GCTaskThread "GC Thread#1" [stack: 0x0000002a02e00000,0x0000002a02f00000] [id=4052]
  0x0000013edacde000 GCTaskThread "GC Thread#2" [stack: 0x0000002a03200000,0x0000002a03300000] [id=8340]
  0x0000013edac60800 GCTaskThread "GC Thread#3" [stack: 0x0000002a03300000,0x0000002a03400000] [id=1568]
  0x0000013ebbf34800 ConcurrentGCThread "G1 Main Marker" [stack: 0x0000002a01e00000,0x0000002a01f00000] [id=2380]
  0x0000013ebbf37800 ConcurrentGCThread "G1 Conc#0" [stack: 0x0000002a01f00000,0x0000002a02000000] [id=6944]
  0x0000013ebbfbe800 ConcurrentGCThread "G1 Refine#0" [stack: 0x0000002a02000000,0x0000002a02100000] [id=10312]
  0x0000013ed9230800 ConcurrentGCThread "G1 Young RemSet Sampling" [stack: 0x0000002a02100000,0x0000002a02200000] [id=11132]

Threads with active compile tasks:
C2 CompilerThread0    14388 3822       4       java.lang.ClassLoader::loadClass (7 bytes)
C2 CompilerThread1    14388 4012   !   4       org.springframework.core.annotation.AnnotationsScanner::processMethodHierarchy (276 bytes)

VM state:not at safepoint (normal execution)

VM Mutex/Monitor currently owned by a thread: None

Heap address: 0x00000000a1800000, size: 1512 MB, Compressed Oops mode: 32-bit
Narrow klass base: 0x0000000800000000, Narrow klass shift: 3
Compressed class space size: 1073741824 Address: 0x0000000800b30000

Heap:
 garbage-first heap   total 58368K, used 33627K [0x00000000a1800000, 0x0000000100000000)
  region size 1024K, 17 young (17408K), 3 survivors (3072K)
 Metaspace       used 43461K, capacity 44601K, committed 44848K, reserved 1087488K
  class space    used 5554K, capacity 5985K, committed 6016K, reserved 1048576K
Heap Regions: E=young(eden), S=young(survivor), O=old, HS=humongous(starts), HC=humongous(continues), CS=collection set, F=free, OA=open archive, CA=closed archive, TAMS=top-at-mark-start (previous, next)
|   0|0x00000000a1800000, 0x00000000a1900000, 0x00000000a1900000|100%|HS|  |TAMS 0x00000000a1900000, 0x00000000a1800000| Complete 
|   1|0x00000000a1900000, 0x00000000a1a00000, 0x00000000a1a00000|100%| O|  |TAMS 0x00000000a1a00000, 0x00000000a1900000| Untracked 
|   2|0x00000000a1a00000, 0x00000000a1b00000, 0x00000000a1b00000|100%| O|  |TAMS 0x00000000a1b00000, 0x00000000a1a00000| Untracked 
|   3|0x00000000a1b00000, 0x00000000a1c00000, 0x00000000a1c00000|100%| O|  |TAMS 0x00000000a1c00000, 0x00000000a1b00000| Untracked 
|   4|0x00000000a1c00000, 0x00000000a1d00000, 0x00000000a1d00000|100%| O|  |TAMS 0x00000000a1d00000, 0x00000000a1c00000| Untracked 
|   5|0x00000000a1d00000, 0x00000000a1e00000, 0x00000000a1e00000|100%| O|  |TAMS 0x00000000a1e00000, 0x00000000a1d00000| Untracked 
|   6|0x00000000a1e00000, 0x00000000a1ee9200, 0x00000000a1f00000| 91%| O|  |TAMS 0x00000000a1ee9200, 0x00000000a1e00000| Untracked 
|   7|0x00000000a1f00000, 0x00000000a2000000, 0x00000000a2000000|100%| O|  |TAMS 0x00000000a2000000, 0x00000000a1f00000| Untracked 
|   8|0x00000000a2000000, 0x00000000a2100000, 0x00000000a2100000|100%| O|  |TAMS 0x00000000a2100000, 0x00000000a2000000| Untracked 
|   9|0x00000000a2100000, 0x00000000a2200000, 0x00000000a2200000|100%| O|  |TAMS 0x00000000a2200000, 0x00000000a2100000| Untracked 
|  10|0x00000000a2200000, 0x00000000a2300000, 0x00000000a2300000|100%| O|  |TAMS 0x00000000a2300000, 0x00000000a2200000| Untracked 
|  11|0x00000000a2300000, 0x00000000a2400000, 0x00000000a2400000|100%| O|  |TAMS 0x00000000a2400000, 0x00000000a2300000| Untracked 
|  12|0x00000000a2400000, 0x00000000a2500000, 0x00000000a2500000|100%| O|  |TAMS 0x00000000a2500000, 0x00000000a2400000| Untracked 
|  13|0x00000000a2500000, 0x00000000a2600000, 0x00000000a2600000|100%| O|  |TAMS 0x00000000a2600000, 0x00000000a2500000| Untracked 
|  14|0x00000000a2600000, 0x00000000a2700000, 0x00000000a2700000|100%| O|  |TAMS 0x00000000a2700000, 0x00000000a2600000| Untracked 
|  15|0x00000000a2700000, 0x00000000a2800000, 0x00000000a2800000|100%| O|  |TAMS 0x00000000a2800000, 0x00000000a2700000| Untracked 
|  16|0x00000000a2800000, 0x00000000a2900000, 0x00000000a2900000|100%| O|  |TAMS 0x00000000a284d000, 0x00000000a2800000| Untracked 
|  17|0x00000000a2900000, 0x00000000a2a00000, 0x00000000a2a00000|100%| O|  |TAMS 0x00000000a2900000, 0x00000000a2900000| Untracked 
|  18|0x00000000a2a00000, 0x00000000a2a48c00, 0x00000000a2b00000| 28%| O|  |TAMS 0x00000000a2a00000, 0x00000000a2a00000| Untracked 
|  19|0x00000000a2b00000, 0x00000000a2b00000, 0x00000000a2c00000|  0%| F|  |TAMS 0x00000000a2b00000, 0x00000000a2b00000| Untracked 
|  20|0x00000000a2c00000, 0x00000000a2c00000, 0x00000000a2d00000|  0%| F|  |TAMS 0x00000000a2c00000, 0x00000000a2c00000| Untracked 
|  21|0x00000000a2d00000, 0x00000000a2d00000, 0x00000000a2e00000|  0%| F|  |TAMS 0x00000000a2d00000, 0x00000000a2d00000| Untracked 
|  22|0x00000000a2e00000, 0x00000000a2e00000, 0x00000000a2f00000|  0%| F|  |TAMS 0x00000000a2e00000, 0x00000000a2e00000| Untracked 
|  23|0x00000000a2f00000, 0x00000000a2f00000, 0x00000000a3000000|  0%| F|  |TAMS 0x00000000a2f00000, 0x00000000a2f00000| Untracked 
|  24|0x00000000a3000000, 0x00000000a3000000, 0x00000000a3100000|  0%| F|  |TAMS 0x00000000a3000000, 0x00000000a3000000| Untracked 
|  25|0x00000000a3100000, 0x00000000a3100000, 0x00000000a3200000|  0%| F|  |TAMS 0x00000000a3100000, 0x00000000a3100000| Untracked 
|  26|0x00000000a3200000, 0x00000000a32a50f0, 0x00000000a3300000| 64%| S|CS|TAMS 0x00000000a3200000, 0x00000000a3200000| Complete 
|  27|0x00000000a3300000, 0x00000000a3400000, 0x00000000a3400000|100%| S|CS|TAMS 0x00000000a3300000, 0x00000000a3300000| Complete 
|  28|0x00000000a3400000, 0x00000000a3500000, 0x00000000a3500000|100%| S|CS|TAMS 0x00000000a3400000, 0x00000000a3400000| Complete 
|  29|0x00000000a3500000, 0x00000000a3500000, 0x00000000a3600000|  0%| F|  |TAMS 0x00000000a3500000, 0x00000000a3500000| Untracked 
|  30|0x00000000a3600000, 0x00000000a3600000, 0x00000000a3700000|  0%| F|  |TAMS 0x00000000a3600000, 0x00000000a3600000| Untracked 
|  31|0x00000000a3700000, 0x00000000a3700000, 0x00000000a3800000|  0%| F|  |TAMS 0x00000000a3700000, 0x00000000a3700000| Untracked 
|  32|0x00000000a3800000, 0x00000000a3800000, 0x00000000a3900000|  0%| F|  |TAMS 0x00000000a3800000, 0x00000000a3800000| Untracked 
|  33|0x00000000a3900000, 0x00000000a3900000, 0x00000000a3a00000|  0%| F|  |TAMS 0x00000000a3900000, 0x00000000a3900000| Untracked 
|  34|0x00000000a3a00000, 0x00000000a3a00000, 0x00000000a3b00000|  0%| F|  |TAMS 0x00000000a3a00000, 0x00000000a3a00000| Untracked 
|  35|0x00000000a3b00000, 0x00000000a3b00000, 0x00000000a3c00000|  0%| F|  |TAMS 0x00000000a3b00000, 0x00000000a3b00000| Untracked 
|  36|0x00000000a3c00000, 0x00000000a3c00000, 0x00000000a3d00000|  0%| F|  |TAMS 0x00000000a3c00000, 0x00000000a3c00000| Untracked 
|  37|0x00000000a3d00000, 0x00000000a3d00000, 0x00000000a3e00000|  0%| F|  |TAMS 0x00000000a3d00000, 0x00000000a3d00000| Untracked 
|  38|0x00000000a3e00000, 0x00000000a3e00000, 0x00000000a3f00000|  0%| F|  |TAMS 0x00000000a3e00000, 0x00000000a3e00000| Untracked 
|  39|0x00000000a3f00000, 0x00000000a3f00000, 0x00000000a4000000|  0%| F|  |TAMS 0x00000000a3f00000, 0x00000000a3f00000| Untracked 
|  40|0x00000000a4000000, 0x00000000a4000000, 0x00000000a4100000|  0%| F|  |TAMS 0x00000000a4000000, 0x00000000a4000000| Untracked 
|  41|0x00000000a4100000, 0x00000000a4100000, 0x00000000a4200000|  0%| F|  |TAMS 0x00000000a4100000, 0x00000000a4100000| Untracked 
|  42|0x00000000a4200000, 0x00000000a4200000, 0x00000000a4300000|  0%| F|  |TAMS 0x00000000a4200000, 0x00000000a4200000| Untracked 
|  43|0x00000000a4300000, 0x00000000a43e46f0, 0x00000000a4400000| 89%| E|  |TAMS 0x00000000a4300000, 0x00000000a4300000| Complete 
|  44|0x00000000a4400000, 0x00000000a4500000, 0x00000000a4500000|100%| E|CS|TAMS 0x00000000a4400000, 0x00000000a4400000| Complete 
|  45|0x00000000a4500000, 0x00000000a4600000, 0x00000000a4600000|100%| E|CS|TAMS 0x00000000a4500000, 0x00000000a4500000| Complete 
|  46|0x00000000a4600000, 0x00000000a4700000, 0x00000000a4700000|100%| E|CS|TAMS 0x00000000a4600000, 0x00000000a4600000| Complete 
|  47|0x00000000a4700000, 0x00000000a4800000, 0x00000000a4800000|100%| E|CS|TAMS 0x00000000a4700000, 0x00000000a4700000| Complete 
|  48|0x00000000a4800000, 0x00000000a4900000, 0x00000000a4900000|100%| E|CS|TAMS 0x00000000a4800000, 0x00000000a4800000| Complete 
|  49|0x00000000a4900000, 0x00000000a4a00000, 0x00000000a4a00000|100%| E|  |TAMS 0x00000000a4900000, 0x00000000a4900000| Complete 
|  57|0x00000000a5100000, 0x00000000a5200000, 0x00000000a5200000|100%| E|CS|TAMS 0x00000000a5100000, 0x00000000a5100000| Complete 
|  58|0x00000000a5200000, 0x00000000a5300000, 0x00000000a5300000|100%| E|CS|TAMS 0x00000000a5200000, 0x00000000a5200000| Complete 
|  59|0x00000000a5300000, 0x00000000a5400000, 0x00000000a5400000|100%| E|CS|TAMS 0x00000000a5300000, 0x00000000a5300000| Complete 
|  60|0x00000000a5400000, 0x00000000a5500000, 0x00000000a5500000|100%| E|CS|TAMS 0x00000000a5400000, 0x00000000a5400000| Complete 
|  61|0x00000000a5500000, 0x00000000a5600000, 0x00000000a5600000|100%| E|CS|TAMS 0x00000000a5500000, 0x00000000a5500000| Complete 
|  62|0x00000000a5600000, 0x00000000a5700000, 0x00000000a5700000|100%| E|CS|TAMS 0x00000000a5600000, 0x00000000a5600000| Complete 
|  95|0x00000000a7700000, 0x00000000a7800000, 0x00000000a7800000|100%| E|CS|TAMS 0x00000000a7700000, 0x00000000a7700000| Complete 

Card table byte_map: [0x0000013ed3990000,0x0000013ed3c90000] _byte_map_base: 0x0000013ed3484000

Marking Bits (Prev, Next): (CMBitMap*) 0x0000013ebbf27fe8, (CMBitMap*) 0x0000013ebbf28028
 Prev Bits: [0x0000013ed3f90000, 0x0000013ed5730000)
 Next Bits: [0x0000013ed5730000, 0x0000013ed6ed0000)

Polling page: 0x0000013ebb6c0000

Metaspace:

Usage:
  Non-class:     37.71 MB capacity,    37.03 MB ( 98%) used,   567.70 KB (  1%) free+waste,   133.88 KB ( <1%) overhead. 
      Class:      5.84 MB capacity,     5.43 MB ( 93%) used,   366.05 KB (  6%) free+waste,    62.63 KB (  1%) overhead. 
       Both:     43.56 MB capacity,    42.45 MB ( 97%) used,   933.76 KB (  2%) free+waste,   196.50 KB ( <1%) overhead. 

Virtual space:
  Non-class space:       38.00 MB reserved,      37.92 MB (>99%) committed 
      Class space:        1.00 GB reserved,       5.88 MB ( <1%) committed 
             Both:        1.04 GB reserved,      43.80 MB (  4%) committed 

Chunk freelists:
   Non-Class:  24.00 KB
       Class:  0 bytes
        Both:  24.00 KB

MaxMetaspaceSize: 17179869184.00 GB
CompressedClassSpaceSize: 1.00 GB

CodeHeap 'non-profiled nmethods': size=120000Kb used=1835Kb max_used=2735Kb free=118164Kb
 bounds [0x0000013ecc160000, 0x0000013ecc410000, 0x0000013ed3690000]
CodeHeap 'profiled nmethods': size=120000Kb used=8042Kb max_used=10062Kb free=111958Kb
 bounds [0x0000013ec4c30000, 0x0000013ec5610000, 0x0000013ecc160000]
CodeHeap 'non-nmethods': size=5760Kb used=1274Kb max_used=1325Kb free=4485Kb
 bounds [0x0000013ec4690000, 0x0000013ec4900000, 0x0000013ec4c30000]
 total_blobs=4291 nmethods=3738 adapters=465
 compilation: enabled
              stopped_count=0, restarted_count=0
 full_count=0

Compilation events (20 events):
Event: 14.106 Thread 0x0000013ed93ed000 nmethod 4347 0x0000013ec55fba10 code [0x0000013ec55fbba0, 0x0000013ec55fbcc8]
Event: 14.106 Thread 0x0000013ed93ed000 4348       2       org.springframework.cglib.core.TypeUtils::isArray (15 bytes)
Event: 14.107 Thread 0x0000013ed93ed000 nmethod 4348 0x0000013ec55fbd90 code [0x0000013ec55fbf20, 0x0000013ec55fc018]
Event: 14.107 Thread 0x0000013ed93ed000 4346       2       org.springframework.asm.Type::getType (122 bytes)
Event: 14.107 Thread 0x0000013ed93ed000 nmethod 4346 0x0000013ec55fc110 code [0x0000013ec55fc320, 0x0000013ec55fc7a8]
Event: 14.107 Thread 0x0000013ed93ed000 4349       1       org.springframework.cglib.core.ReflectUtils$7::getType (5 bytes)
Event: 14.108 Thread 0x0000013ed93ed000 nmethod 4349 0x0000013ecc40bc90 code [0x0000013ecc40be20, 0x0000013ecc40bef8]
Event: 14.108 Thread 0x0000013ed93ed000 4345       2       org.springframework.cglib.core.ReflectUtils$6::<init> (20 bytes)
Event: 14.108 Thread 0x0000013ed93ed000 nmethod 4345 0x0000013ec55fc990 code [0x0000013ec55fcb20, 0x0000013ec55fccf8]
Event: 14.109 Thread 0x0000013ed93ed000 4350       2       org.springframework.cglib.core.VisibilityPredicate::evaluate (81 bytes)
Event: 14.110 Thread 0x0000013ed93ed000 nmethod 4350 0x0000013ec55fcd90 code [0x0000013ec55fcf80, 0x0000013ec55fd348]
Event: 14.110 Thread 0x0000013ed93ed000 4351       2       org.springframework.asm.Type::getMethodDescriptor (74 bytes)
Event: 14.111 Thread 0x0000013ed93ed000 nmethod 4351 0x0000013ec55fd590 code [0x0000013ec55fd7a0, 0x0000013ec55fdc38]
Event: 14.111 Thread 0x0000013ed93ed000 4352       2       org.springframework.cglib.core.CodeEmitter::if_jump (10 bytes)
Event: 14.111 Thread 0x0000013ed93ed000 nmethod 4352 0x0000013ec55fdf10 code [0x0000013ec55fe0a0, 0x0000013ec55fe1e8]
Event: 14.111 Thread 0x0000013ed93ed000 4353       2       org.springframework.asm.MethodVisitor::visitLdcInsn (87 bytes)
Event: 14.111 Thread 0x0000013ed93ed000 nmethod 4353 0x0000013ec55fe290 code [0x0000013ec55fe480, 0x0000013ec55fe928]
Event: 14.123 Thread 0x0000013ed93ed000 4354       2       org.springframework.cglib.core.EmitUtils$10::getParameterTypes (43 bytes)
Event: 14.123 Thread 0x0000013ed93ed000 nmethod 4354 0x0000013ec55feb10 code [0x0000013ec55fece0, 0x0000013ec55fef18]
Event: 14.124 Thread 0x0000013ed93ed000 4355       2       org.springframework.cglib.core.EmitUtils$6::processCase (247 bytes)

GC Heap History (20 events):
Event: 6.079 GC heap before
{Heap before GC invocations=5 (full 0):
 garbage-first heap   total 98304K, used 42619K [0x00000000a1800000, 0x0000000100000000)
  region size 1024K, 37 young (37888K), 4 survivors (4096K)
 Metaspace       used 20629K, capacity 21152K, committed 21296K, reserved 1069056K
  class space    used 2472K, capacity 2658K, committed 2688K, reserved 1048576K
}
Event: 6.087 GC heap after
{Heap after GC invocations=6 (full 0):
 garbage-first heap   total 98304K, used 12363K [0x00000000a1800000, 0x0000000100000000)
  region size 1024K, 6 young (6144K), 6 survivors (6144K)
 Metaspace       used 20629K, capacity 21152K, committed 21296K, reserved 1069056K
  class space    used 2472K, capacity 2658K, committed 2688K, reserved 1048576K
}
Event: 6.688 GC heap before
{Heap before GC invocations=7 (full 0):
 garbage-first heap   total 48128K, used 34891K [0x00000000a1800000, 0x0000000100000000)
  region size 1024K, 28 young (28672K), 6 survivors (6144K)
 Metaspace       used 21765K, capacity 22333K, committed 22448K, reserved 1069056K
  class space    used 2611K, capacity 2809K, committed 2816K, reserved 1048576K
}
Event: 6.700 GC heap after
{Heap after GC invocations=8 (full 0):
 garbage-first heap   total 48128K, used 13244K [0x00000000a1800000, 0x0000000100000000)
  region size 1024K, 3 young (3072K), 3 survivors (3072K)
 Metaspace       used 21765K, capacity 22333K, committed 22448K, reserved 1069056K
  class space    used 2611K, capacity 2809K, committed 2816K, reserved 1048576K
}
Event: 7.472 GC heap before
{Heap before GC invocations=8 (full 0):
 garbage-first heap   total 48128K, used 35772K [0x00000000a1800000, 0x0000000100000000)
  region size 1024K, 25 young (25600K), 3 survivors (3072K)
 Metaspace       used 23775K, capacity 24423K, committed 24624K, reserved 1071104K
  class space    used 2873K, capacity 3116K, committed 3200K, reserved 1048576K
}
Event: 7.483 GC heap after
{Heap after GC invocations=9 (full 0):
 garbage-first heap   total 48128K, used 14016K [0x00000000a1800000, 0x0000000100000000)
  region size 1024K, 2 young (2048K), 2 survivors (2048K)
 Metaspace       used 23775K, capacity 24423K, committed 24624K, reserved 1071104K
  class space    used 2873K, capacity 3116K, committed 3200K, reserved 1048576K
}
Event: 8.565 GC heap before
{Heap before GC invocations=9 (full 0):
 garbage-first heap   total 48128K, used 37568K [0x00000000a1800000, 0x0000000100000000)
  region size 1024K, 25 young (25600K), 2 survivors (2048K)
 Metaspace       used 26174K, capacity 26871K, committed 26928K, reserved 1073152K
  class space    used 3202K, capacity 3434K, committed 3456K, reserved 1048576K
}
Event: 8.580 GC heap after
{Heap after GC invocations=10 (full 0):
 garbage-first heap   total 48128K, used 15020K [0x00000000a1800000, 0x0000000100000000)
  region size 1024K, 3 young (3072K), 3 survivors (3072K)
 Metaspace       used 26174K, capacity 26871K, committed 26928K, reserved 1073152K
  class space    used 3202K, capacity 3434K, committed 3456K, reserved 1048576K
}
Event: 9.585 GC heap before
{Heap before GC invocations=10 (full 0):
 garbage-first heap   total 48128K, used 37548K [0x00000000a1800000, 0x0000000100000000)
  region size 1024K, 25 young (25600K), 3 survivors (3072K)
 Metaspace       used 28757K, capacity 29591K, committed 29744K, reserved 1075200K
  class space    used 3581K, capacity 3914K, committed 3968K, reserved 1048576K
}
Event: 9.595 GC heap after
{Heap after GC invocations=11 (full 0):
 garbage-first heap   total 58368K, used 16576K [0x00000000a1800000, 0x0000000100000000)
  region size 1024K, 4 young (4096K), 4 survivors (4096K)
 Metaspace       used 28757K, capacity 29591K, committed 29744K, reserved 1075200K
  class space    used 3581K, capacity 3914K, committed 3968K, reserved 1048576K
}
Event: 10.255 GC heap before
{Heap before GC invocations=11 (full 0):
 garbage-first heap   total 58368K, used 44224K [0x00000000a1800000, 0x0000000100000000)
  region size 1024K, 32 young (32768K), 4 survivors (4096K)
 Metaspace       used 30558K, capacity 31439K, committed 31664K, reserved 1077248K
  class space    used 3757K, capacity 4081K, committed 4096K, reserved 1048576K
}
Event: 10.265 GC heap after
{Heap after GC invocations=12 (full 0):
 garbage-first heap   total 58368K, used 17305K [0x00000000a1800000, 0x0000000100000000)
  region size 1024K, 3 young (3072K), 3 survivors (3072K)
 Metaspace       used 30558K, capacity 31439K, committed 31664K, reserved 1077248K
  class space    used 3757K, capacity 4081K, committed 4096K, reserved 1048576K
}
Event: 10.684 GC heap before
{Heap before GC invocations=12 (full 0):
 garbage-first heap   total 58368K, used 44953K [0x00000000a1800000, 0x0000000100000000)
  region size 1024K, 31 young (31744K), 3 survivors (3072K)
 Metaspace       used 31263K, capacity 32172K, committed 32304K, reserved 1077248K
  class space    used 3838K, capacity 4154K, committed 4224K, reserved 1048576K
}
Event: 10.694 GC heap after
{Heap after GC invocations=13 (full 0):
 garbage-first heap   total 58368K, used 17537K [0x00000000a1800000, 0x0000000100000000)
  region size 1024K, 1 young (1024K), 1 survivors (1024K)
 Metaspace       used 31263K, capacity 32172K, committed 32304K, reserved 1077248K
  class space    used 3838K, capacity 4154K, committed 4224K, reserved 1048576K
}
Event: 11.792 GC heap before
{Heap before GC invocations=13 (full 0):
 garbage-first heap   total 58368K, used 45185K [0x00000000a1800000, 0x0000000100000000)
  region size 1024K, 29 young (29696K), 1 survivors (1024K)
 Metaspace       used 34616K, capacity 35538K, committed 35632K, reserved 1081344K
  class space    used 4256K, capacity 4652K, committed 4736K, reserved 1048576K
}
Event: 11.797 GC heap after
{Heap after GC invocations=14 (full 0):
 garbage-first heap   total 58368K, used 18766K [0x00000000a1800000, 0x0000000100000000)
  region size 1024K, 3 young (3072K), 3 survivors (3072K)
 Metaspace       used 34616K, capacity 35538K, committed 35632K, reserved 1081344K
  class space    used 4256K, capacity 4652K, committed 4736K, reserved 1048576K
}
Event: 12.757 GC heap before
{Heap before GC invocations=15 (full 0):
 garbage-first heap   total 58368K, used 46414K [0x00000000a1800000, 0x0000000100000000)
  region size 1024K, 30 young (30720K), 3 survivors (3072K)
 Metaspace       used 37928K, capacity 38858K, committed 38960K, reserved 1083392K
  class space    used 4791K, capacity 5182K, committed 5248K, reserved 1048576K
}
Event: 12.765 GC heap after
{Heap after GC invocations=16 (full 0):
 garbage-first heap   total 58368K, used 19646K [0x00000000a1800000, 0x0000000100000000)
  region size 1024K, 3 young (3072K), 3 survivors (3072K)
 Metaspace       used 37928K, capacity 38858K, committed 38960K, reserved 1083392K
  class space    used 4791K, capacity 5182K, committed 5248K, reserved 1048576K
}
Event: 13.708 GC heap before
{Heap before GC invocations=16 (full 0):
 garbage-first heap   total 58368K, used 47294K [0x00000000a1800000, 0x0000000100000000)
  region size 1024K, 30 young (30720K), 3 survivors (3072K)
 Metaspace       used 41632K, capacity 42703K, committed 42928K, reserved 1087488K
  class space    used 5365K, capacity 5779K, committed 5888K, reserved 1048576K
}
Event: 13.717 GC heap after
{Heap after GC invocations=17 (full 0):
 garbage-first heap   total 58368K, used 21339K [0x00000000a1800000, 0x0000000100000000)
  region size 1024K, 3 young (3072K), 3 survivors (3072K)
 Metaspace       used 41632K, capacity 42703K, committed 42928K, reserved 1087488K
  class space    used 5365K, capacity 5779K, committed 5888K, reserved 1048576K
}

Deoptimization events (20 events):
Event: 13.645 Thread 0x0000013ede514000 DEOPT PACKING pc=0x0000013ec55991e1 sp=0x0000002a037faed0
Event: 13.645 Thread 0x0000013ede514000 DEOPT UNPACKING pc=0x0000013ec46d964e sp=0x0000002a037fa3c0 mode 0
Event: 13.645 Thread 0x0000013ede514000 DEOPT PACKING pc=0x0000013ec5593567 sp=0x0000002a037fa840
Event: 13.645 Thread 0x0000013ede514000 DEOPT UNPACKING pc=0x0000013ec46d964e sp=0x0000002a037f9dc8 mode 0
Event: 13.810 Thread 0x0000013ebbeec800 Uncommon trap: trap_request=0xffffff45 fr.pc=0x0000013ecc23469c relative=0x000000000000135c
Event: 13.810 Thread 0x0000013ebbeec800 Uncommon trap: reason=unstable_if action=reinterpret pc=0x0000013ecc23469c method=java.util.concurrent.ConcurrentHashMap.transfer([Ljava/util/concurrent/ConcurrentHashMap$Node;[Ljava/util/concurrent/ConcurrentHashMap$Node;)V @ 352 c2
Event: 13.810 Thread 0x0000013ebbeec800 DEOPT PACKING pc=0x0000013ecc23469c sp=0x0000002a01cfc740
Event: 13.810 Thread 0x0000013ebbeec800 DEOPT UNPACKING pc=0x0000013ec46d912f sp=0x0000002a01cfc6d8 mode 2
Event: 13.810 Thread 0x0000013ebbeec800 Uncommon trap: trap_request=0xffffff45 fr.pc=0x0000013ecc200100 relative=0x00000000000011a0
Event: 13.810 Thread 0x0000013ebbeec800 Uncommon trap: reason=unstable_if action=reinterpret pc=0x0000013ecc200100 method=java.util.concurrent.ConcurrentHashMap.transfer([Ljava/util/concurrent/ConcurrentHashMap$Node;[Ljava/util/concurrent/ConcurrentHashMap$Node;)V @ 352 c2
Event: 13.810 Thread 0x0000013ebbeec800 DEOPT PACKING pc=0x0000013ecc200100 sp=0x0000002a01cfc760
Event: 13.810 Thread 0x0000013ebbeec800 DEOPT UNPACKING pc=0x0000013ec46d912f sp=0x0000002a01cfc6d8 mode 2
Event: 13.892 Thread 0x0000013ebbeec800 Uncommon trap: trap_request=0xffffff45 fr.pc=0x0000013ecc3ffacc relative=0x0000000000001bcc
Event: 13.892 Thread 0x0000013ebbeec800 Uncommon trap: reason=unstable_if action=reinterpret pc=0x0000013ecc3ffacc method=org.springframework.beans.factory.support.AbstractBeanFactory.isTypeMatch(Ljava/lang/String;Lorg/springframework/core/ResolvableType;Z)Z @ 34 c2
Event: 13.892 Thread 0x0000013ebbeec800 DEOPT PACKING pc=0x0000013ecc3ffacc sp=0x0000002a01cfde00
Event: 13.892 Thread 0x0000013ebbeec800 DEOPT UNPACKING pc=0x0000013ec46d912f sp=0x0000002a01cfddd0 mode 2
Event: 14.042 Thread 0x0000013ede514000 Uncommon trap: trap_request=0xffffff45 fr.pc=0x0000013ecc334b28 relative=0x0000000000000148
Event: 14.042 Thread 0x0000013ede514000 Uncommon trap: reason=unstable_if action=reinterpret pc=0x0000013ecc334b28 method=java.lang.ThreadLocal$ThreadLocalMap.getEntry(Ljava/lang/ThreadLocal;)Ljava/lang/ThreadLocal$ThreadLocalMap$Entry; @ 29 c2
Event: 14.042 Thread 0x0000013ede514000 DEOPT PACKING pc=0x0000013ecc334b28 sp=0x0000002a037fcd90
Event: 14.042 Thread 0x0000013ede514000 DEOPT UNPACKING pc=0x0000013ec46d912f sp=0x0000002a037fccd0 mode 2

Classes unloaded (0 events):
No events

Classes redefined (0 events):
No events

Internal exceptions (20 events):
Event: 11.601 Thread 0x0000013ebbeec800 Exception <a 'java/lang/ClassNotFoundException'{0x00000000a3bf5dc0}: org/springframework/web/servlet/config/annotation/WebMvcConfigurationSupportCustomizer> (0x00000000a3bf5dc0) 
thrown [./open/src/hotspot/share/classfile/systemDictionary.cpp, line 226]
Event: 11.607 Thread 0x0000013ebbeec800 Exception <a 'java/lang/ClassNotFoundException'{0x00000000a3a88950}: org/springframework/web/servlet/config/annotation/DelegatingWebMvcConfigurationCustomizer> (0x00000000a3a88950) 
thrown [./open/src/hotspot/share/classfile/systemDictionary.cpp, line 226]
Event: 11.610 Thread 0x0000013ebbeec800 Exception <a 'java/lang/ClassNotFoundException'{0x00000000a3aa8660}: org/springframework/boot/autoconfigure/web/servlet/WebMvcAutoConfiguration$EnableWebMvcConfigurationCustomizer> (0x00000000a3aa8660) 
thrown [./open/src/hotspot/share/classfile/systemDictionary.cpp, line 226]
Event: 11.623 Thread 0x0000013ebbeec800 Exception <a 'java/lang/ClassNotFoundException'{0x00000000a3acaaf0}: org/springframework/context/ResourceLoaderAwareCustomizer> (0x00000000a3acaaf0) 
thrown [./open/src/hotspot/share/classfile/systemDictionary.cpp, line 226]
Event: 11.625 Thread 0x0000013ebbeec800 Exception <a 'java/lang/ClassNotFoundException'{0x00000000a3adcd08}: org/springframework/beans/factory/AwareCustomizer> (0x00000000a3adcd08) 
thrown [./open/src/hotspot/share/classfile/systemDictionary.cpp, line 226]
Event: 11.628 Thread 0x0000013ebbeec800 Exception <a 'java/lang/ClassNotFoundException'{0x00000000a394e758}: org/springframework/context/ApplicationContextAwareCustomizer> (0x00000000a394e758) 
thrown [./open/src/hotspot/share/classfile/systemDictionary.cpp, line 226]
Event: 11.635 Thread 0x0000013ebbeec800 Exception <a 'java/lang/ClassNotFoundException'{0x00000000a3961550}: org/springframework/beans/factory/AwareCustomizer> (0x00000000a3961550) 
thrown [./open/src/hotspot/share/classfile/systemDictionary.cpp, line 226]
Event: 11.636 Thread 0x0000013ebbeec800 Exception <a 'java/lang/ClassNotFoundException'{0x00000000a3974d00}: org/springframework/web/context/ServletContextAwareCustomizer> (0x00000000a3974d00) 
thrown [./open/src/hotspot/share/classfile/systemDictionary.cpp, line 226]
Event: 11.637 Thread 0x0000013ebbeec800 Exception <a 'java/lang/ClassNotFoundException'{0x00000000a3987380}: org/springframework/beans/factory/AwareCustomizer> (0x00000000a3987380) 
thrown [./open/src/hotspot/share/classfile/systemDictionary.cpp, line 226]
Event: 11.742 Thread 0x0000013ebbeec800 Exception <a 'java/lang/ClassNotFoundException'{0x00000000a3659b40}: java/lang/ObjectCustomizer> (0x00000000a3659b40) 
thrown [./open/src/hotspot/share/classfile/systemDictionary.cpp, line 226]
Event: 11.746 Thread 0x0000013ebbeec800 Exception <a 'java/lang/ClassNotFoundException'{0x00000000a3678d68}: org/springframework/security/config/annotation/authentication/configuration/AuthenticationConfigurationCustomizer> (0x00000000a3678d68) 
thrown [./open/src/hotspot/share/classfile/systemDictionary.cpp, line 226]
Event: 12.060 Thread 0x0000013ebbeec800 Exception <a 'java/lang/ClassNotFoundException'{0x00000000a4961f50}: java/lang/ObjectCustomizer> (0x00000000a4961f50) 
thrown [./open/src/hotspot/share/classfile/systemDictionary.cpp, line 226]
Event: 12.076 Thread 0x0000013ebbeec800 Exception <a 'java/lang/ClassNotFoundException'{0x00000000a49b3d00}: org/springframework/security/config/annotation/web/configuration/WebSecurityConfigurationCustomizer> (0x00000000a49b3d00) 
thrown [./open/src/hotspot/share/classfile/systemDictionary.cpp, line 226]
Event: 12.079 Thread 0x0000013ebbeec800 Exception <a 'java/lang/ClassNotFoundException'{0x00000000a49d1db0}: org/springframework/context/annotation/ImportAwareCustomizer> (0x00000000a49d1db0) 
thrown [./open/src/hotspot/share/classfile/systemDictionary.cpp, line 226]
Event: 12.080 Thread 0x0000013ebbeec800 Exception <a 'java/lang/ClassNotFoundException'{0x00000000a49e4010}: org/springframework/beans/factory/AwareCustomizer> (0x00000000a49e4010) 
thrown [./open/src/hotspot/share/classfile/systemDictionary.cpp, line 226]
Event: 12.081 Thread 0x0000013ebbeec800 Exception <a 'java/lang/ClassNotFoundException'{0x00000000a49f7d90}: org/springframework/beans/factory/BeanClassLoaderAwareCustomizer> (0x00000000a49f7d90) 
thrown [./open/src/hotspot/share/classfile/systemDictionary.cpp, line 226]
Event: 12.081 Thread 0x0000013ebbeec800 Exception <a 'java/lang/ClassNotFoundException'{0x00000000a4836d58}: org/springframework/beans/factory/AwareCustomizer> (0x00000000a4836d58) 
thrown [./open/src/hotspot/share/classfile/systemDictionary.cpp, line 226]
Event: 12.286 Thread 0x0000013ebbeec800 Implicit null exception at 0x0000013ecc302d8b to 0x0000013ecc302e14
Event: 13.657 Thread 0x0000013ebbeec800 Exception <a 'java/lang/NoSuchMethodError'{0x00000000a3799160}: 'java.lang.Object java.lang.invoke.DirectMethodHandle$Holder.invokeInterface(java.lang.Object, java.lang.Object, java.lang.Object)'> (0x00000000a3799160) 
thrown [./open/src/hotspot/share/interpreter/linkResolver.cpp, line 766]
Event: 13.658 Thread 0x0000013ebbeec800 Exception <a 'java/lang/IncompatibleClassChangeError'{0x00000000a379c068}: Found class java.lang.Object, but interface was expected> (0x00000000a379c068) 
thrown [./open/src/hotspot/share/interpreter/linkResolver.cpp, line 832]

Events (20 events):
Event: 14.043 loading class java/net/StandardSocketOptions done
Event: 14.043 loading class java/net/StandardSocketOptions$StdSocketOption
Event: 14.043 loading class java/net/StandardSocketOptions$StdSocketOption done
Event: 14.044 loading class sun/nio/ch/SocketOptionRegistry
Event: 14.044 loading class sun/nio/ch/SocketOptionRegistry done
Event: 14.044 loading class sun/nio/ch/SocketOptionRegistry$RegistryKey
Event: 14.044 loading class sun/nio/ch/SocketOptionRegistry$RegistryKey done
Event: 14.044 loading class sun/nio/ch/SocketOptionRegistry$LazyInitialization
Event: 14.044 loading class sun/nio/ch/SocketOptionRegistry$LazyInitialization done
Event: 14.044 loading class sun/nio/ch/OptionKey
Event: 14.044 loading class sun/nio/ch/OptionKey done
Event: 14.044 loading class sun/nio/ch/ExtendedSocketOption
Event: 14.044 loading class sun/nio/ch/ExtendedSocketOption done
Event: 14.044 loading class sun/nio/ch/ExtendedSocketOption$1
Event: 14.044 loading class sun/nio/ch/ExtendedSocketOption$1 done
Event: 14.071 Executing VM operation: HandshakeAllThreads done
Event: 14.098 loading class java/net/Socket$SocketOutputStream
Event: 14.098 loading class java/net/Socket$SocketOutputStream done
Event: 14.098 loading class sun/nio/ch/NioSocketImpl$2
Event: 14.098 loading class sun/nio/ch/NioSocketImpl$2 done


Dynamic libraries:
0x00007ff68f5a0000 - 0x00007ff68f5af000 	C:\Program Files\Java\jdk-14.0.2\bin\java.exe
0x00007ff8c8d50000 - 0x00007ff8c8f45000 	C:\WINDOWS\SYSTEM32\ntdll.dll
0x00007ff8c7b00000 - 0x00007ff8c7bbd000 	C:\WINDOWS\System32\KERNEL32.DLL
0x00007ff8c69a0000 - 0x00007ff8c6c69000 	C:\WINDOWS\System32\KERNELBASE.dll
0x00007ff8c65e0000 - 0x00007ff8c66e0000 	C:\WINDOWS\System32\ucrtbase.dll
0x00007ff8c42b0000 - 0x00007ff8c42c5000 	C:\Program Files\Java\jdk-14.0.2\bin\VCRUNTIME140.dll
0x00007ff8c00f0000 - 0x00007ff8c0108000 	C:\Program Files\Java\jdk-14.0.2\bin\jli.dll
0x00007ff8c8ad0000 - 0x00007ff8c8b7c000 	C:\WINDOWS\System32\ADVAPI32.dll
0x00007ff8c8c70000 - 0x00007ff8c8d0e000 	C:\WINDOWS\System32\msvcrt.dll
0x00007ff8c7940000 - 0x00007ff8c79dc000 	C:\WINDOWS\System32\sechost.dll
0x00007ff8c8590000 - 0x00007ff8c86bb000 	C:\WINDOWS\System32\RPCRT4.dll
0x00007ff8c6db0000 - 0x00007ff8c6f50000 	C:\WINDOWS\System32\USER32.dll
0x00007ff8c6ca0000 - 0x00007ff8c6cc2000 	C:\WINDOWS\System32\win32u.dll
0x00007ff8c7bc0000 - 0x00007ff8c7bea000 	C:\WINDOWS\System32\GDI32.dll
0x00007ff8c6890000 - 0x00007ff8c699b000 	C:\WINDOWS\System32\gdi32full.dll
0x00007ff8c51c0000 - 0x00007ff8c545a000 	C:\WINDOWS\WinSxS\amd64_microsoft.windows.common-controls_6595b64144ccf1df_6.0.19041.844_none_ca00b6081b84eb1d\COMCTL32.dll
0x00007ff8c6490000 - 0x00007ff8c652d000 	C:\WINDOWS\System32\msvcp_win.dll
0x00007ff8c3000000 - 0x00007ff8c300a000 	C:\WINDOWS\SYSTEM32\VERSION.dll
0x00007ff8c8aa0000 - 0x00007ff8c8ad0000 	C:\WINDOWS\System32\IMM32.DLL
0x00007ff8b94d0000 - 0x00007ff8b956b000 	C:\Program Files\Java\jdk-14.0.2\bin\msvcp140.dll
0x00007ff895150000 - 0x00007ff895c6e000 	C:\Program Files\Java\jdk-14.0.2\bin\server\jvm.dll
0x00007ff8c8900000 - 0x00007ff8c8908000 	C:\WINDOWS\System32\PSAPI.DLL
0x00007ff8aef80000 - 0x00007ff8aef89000 	C:\WINDOWS\SYSTEM32\WSOCK32.dll
0x00007ff8b2b00000 - 0x00007ff8b2b27000 	C:\WINDOWS\SYSTEM32\WINMM.dll
0x00007ff8c8050000 - 0x00007ff8c80bb000 	C:\WINDOWS\System32\WS2_32.dll
0x00007ff8c4750000 - 0x00007ff8c4762000 	C:\WINDOWS\SYSTEM32\kernel.appcore.dll
0x00007ff8c5b40000 - 0x00007ff8c5b4a000 	C:\Program Files\Java\jdk-14.0.2\bin\jimage.dll
0x00007ff8c5ea0000 - 0x00007ff8c6084000 	C:\WINDOWS\SYSTEM32\DBGHELP.DLL
0x00007ff8c5ae0000 - 0x00007ff8c5b0c000 	C:\WINDOWS\SYSTEM32\dbgcore.DLL
0x00007ff8c6d30000 - 0x00007ff8c6db0000 	C:\WINDOWS\System32\bcryptPrimitives.dll
0x00007ff8c4650000 - 0x00007ff8c465e000 	C:\Program Files\Java\jdk-14.0.2\bin\instrument.dll
0x00007ff8bc4f0000 - 0x00007ff8bc515000 	C:\Program Files\Java\jdk-14.0.2\bin\java.dll
0x00007ff8bc400000 - 0x00007ff8bc416000 	C:\Program Files\Java\jdk-14.0.2\bin\zip.dll
0x00007ff8c7100000 - 0x00007ff8c7842000 	C:\WINDOWS\System32\SHELL32.dll
0x00007ff8c3820000 - 0x00007ff8c3fb0000 	C:\WINDOWS\SYSTEM32\windows.storage.dll
0x00007ff8c7bf0000 - 0x00007ff8c7f45000 	C:\WINDOWS\System32\combase.dll
0x00007ff8c5ab0000 - 0x00007ff8c5adc000 	C:\WINDOWS\SYSTEM32\Wldp.dll
0x00007ff8c89f0000 - 0x00007ff8c8a9e000 	C:\WINDOWS\System32\SHCORE.dll
0x00007ff8c7850000 - 0x00007ff8c78a5000 	C:\WINDOWS\System32\shlwapi.dll
0x00007ff8c63d0000 - 0x00007ff8c63ef000 	C:\WINDOWS\SYSTEM32\profapi.dll
0x00007ff8bc3e0000 - 0x00007ff8bc3f9000 	C:\Program Files\Java\jdk-14.0.2\bin\net.dll
0x00007ff8c05e0000 - 0x00007ff8c06ec000 	C:\WINDOWS\SYSTEM32\WINHTTP.dll
0x00007ff8c57f0000 - 0x00007ff8c585a000 	C:\WINDOWS\system32\mswsock.dll
0x00007ff8bc3c0000 - 0x00007ff8bc3d2000 	C:\Program Files\Java\jdk-14.0.2\bin\nio.dll
0x00007ff8b94b0000 - 0x00007ff8b94ca000 	C:\Program Files\JetBrains\IntelliJ IDEA Community Edition 2020.3.3\bin\breakgen64.dll
0x00007ff8c4270000 - 0x00007ff8c4280000 	C:\Program Files\Java\jdk-14.0.2\bin\verify.dll
0x00007ff8c0090000 - 0x00007ff8c0099000 	C:\Program Files\Java\jdk-14.0.2\bin\management.dll
0x00007ff8be950000 - 0x00007ff8be95b000 	C:\Program Files\Java\jdk-14.0.2\bin\management_ext.dll
0x00007ff8b17d0000 - 0x00007ff8b17e7000 	C:\WINDOWS\system32\napinsp.dll
0x00007ff8b17b0000 - 0x00007ff8b17cb000 	C:\WINDOWS\system32\pnrpnsp.dll
0x00007ff8c1c60000 - 0x00007ff8c1c75000 	C:\WINDOWS\system32\wshbth.dll
0x00007ff8c0190000 - 0x00007ff8c01ad000 	C:\WINDOWS\system32\NLAapi.dll
0x00007ff8c54e0000 - 0x00007ff8c551b000 	C:\WINDOWS\SYSTEM32\IPHLPAPI.DLL
0x00007ff8c5520000 - 0x00007ff8c55eb000 	C:\WINDOWS\SYSTEM32\DNSAPI.dll
0x00007ff8c8c60000 - 0x00007ff8c8c68000 	C:\WINDOWS\System32\NSI.dll
0x00007ff8b1790000 - 0x00007ff8b17a2000 	C:\WINDOWS\System32\winrnr.dll
0x00007ff8bd260000 - 0x00007ff8bd26a000 	C:\Windows\System32\rasadhlp.dll
0x00007ff8ba1a0000 - 0x00007ff8ba21f000 	C:\WINDOWS\System32\fwpuclnt.dll
0x00007ff8c6c70000 - 0x00007ff8c6c97000 	C:\WINDOWS\System32\bcrypt.dll
0x00007ff8c6090000 - 0x00007ff8c60a8000 	C:\WINDOWS\SYSTEM32\CRYPTSP.dll
0x00007ff8c4ef0000 - 0x00007ff8c4f24000 	C:\WINDOWS\system32\rsaenh.dll
0x00007ff8c6390000 - 0x00007ff8c63be000 	C:\WINDOWS\SYSTEM32\USERENV.dll
0x00007ff8c59c0000 - 0x00007ff8c59cc000 	C:\WINDOWS\SYSTEM32\CRYPTBASE.dll
0x00007ff8bd9d0000 - 0x00007ff8bd9e7000 	C:\WINDOWS\SYSTEM32\dhcpcsvc6.DLL
0x00007ff8bdaa0000 - 0x00007ff8bdabd000 	C:\WINDOWS\SYSTEM32\dhcpcsvc.DLL

dbghelp: loaded successfully - version: 4.0.5 - missing functions: none
symbol engine: initialized successfully - sym options: 0x614 - pdb path: .;C:\Program Files\Java\jdk-14.0.2\bin;C:\WINDOWS\SYSTEM32;C:\WINDOWS\WinSxS\amd64_microsoft.windows.common-controls_6595b64144ccf1df_6.0.19041.844_none_ca00b6081b84eb1d;C:\Program Files\Java\jdk-14.0.2\bin\server;C:\Program Files\JetBrains\IntelliJ IDEA Community Edition 2020.3.3\bin

VM Arguments:
jvm_args: -javaagent:C:\Program Files\JetBrains\IntelliJ IDEA Community Edition 2020.3.3\lib\idea_rt.jar=58124:C:\Program Files\JetBrains\IntelliJ IDEA Community Edition 2020.3.3\bin -Dfile.encoding=UTF-8 
java_command: com.company.app.FindMeAJobApplication
java_class_path (initial): C:\Users\ALKODS\Documents\workspace-spring-tool-suite-4-4.8.0.RELEASE\FindMeAJob\target\classes;C:\Users\ALKODS\.m2\repository\org\hibernate\hibernate-core\5.4.29.Final\hibernate-core-5.4.29.Final.jar;C:\Users\ALKODS\.m2\repository\org\jboss\logging\jboss-logging\3.4.1.Final\jboss-logging-3.4.1.Final.jar;C:\Users\ALKODS\.m2\repository\javax\persistence\javax.persistence-api\2.2\javax.persistence-api-2.2.jar;C:\Users\ALKODS\.m2\repository\org\javassist\javassist\3.27.0-GA\javassist-3.27.0-GA.jar;C:\Users\ALKODS\.m2\repository\net\bytebuddy\byte-buddy\1.10.14\byte-buddy-1.10.14.jar;C:\Users\ALKODS\.m2\repository\antlr\antlr\2.7.7\antlr-2.7.7.jar;C:\Users\ALKODS\.m2\repository\org\jboss\spec\javax\transaction\jboss-transaction-api_1.2_spec\1.1.1.Final\jboss-transaction-api_1.2_spec-1.1.1.Final.jar;C:\Users\ALKODS\.m2\repository\org\jboss\jandex\2.2.3.Final\jandex-2.2.3.Final.jar;C:\Users\ALKODS\.m2\repository\com\fasterxml\classmate\1.5.1\classmate-1.5.1.jar;C:\Users\ALKODS\.m2\repository\javax\activation\javax.activation-api\1.2.0\javax.activation-api-1.2.0.jar;C:\Users\ALKODS\.m2\repository\org\dom4j\dom4j\2.1.3\dom4j-2.1.3.jar;C:\Users\ALKODS\.m2\repository\org\hibernate\common\hibernate-commons-annotations\5.1.2.Final\hibernate-commons-annotations-5.1.2.Final.jar;C:\Users\ALKODS\.m2\repository\javax\xml\bind\jaxb-api\2.3.1\jaxb-api-2.3.1.jar;C:\Users\ALKODS\.m2\repository\org\glassfish\jaxb\jaxb-runtime\2.3.3\jaxb-runtime-2.3.3.jar;C:\Users\ALKODS\.m2\repository\org\glassfish\jaxb\txw2\2.3.3\txw2-2.3.3.jar;C:\Users\ALKODS\.m2\repository\com\sun\istack\istack-commons-runtime\3.0.11\istack-commons-runtime-3.0.11.jar;C:\Users\ALKODS\.m2\repository\com\sun\activation\jakarta.activation\1.2.2\jakarta.activation-1.2.2.jar;C:\Users\ALKODS\.m2\repository\com\graphql-java\graphql-java-tools\5.2.4\graphql-java-tools-5.2.4.jar;C:\Users\ALKODS\.m2\repository\org\jetbrains\kotlin\kotlin-stdlib\1.3.72\kotlin-stdlib-1.3.72.jar;C:\Users\ALKODS\.m2\repo
Launcher Type: SUN_STANDARD

[Global flags]
     intx CICompilerCount                          = 3                                         {product} {ergonomic}
     uint ConcGCThreads                            = 1                                         {product} {ergonomic}
     uint G1ConcRefinementThreads                  = 4                                         {product} {ergonomic}
   size_t G1HeapRegionSize                         = 1048576                                   {product} {ergonomic}
    uintx GCDrainStackTargetSize                   = 64                                        {product} {ergonomic}
   size_t InitialHeapSize                          = 100663296                                 {product} {ergonomic}
   size_t MarkStackSize                            = 4194304                                   {product} {ergonomic}
   size_t MaxHeapSize                              = 1585446912                                {product} {ergonomic}
   size_t MaxNewSize                               = 951058432                                 {product} {ergonomic}
   size_t MinHeapDeltaBytes                        = 1048576                                   {product} {ergonomic}
   size_t MinHeapSize                              = 8388608                                   {product} {ergonomic}
    uintx NonNMethodCodeHeapSize                   = 5832780                                {pd product} {ergonomic}
    uintx NonProfiledCodeHeapSize                  = 122912730                              {pd product} {ergonomic}
    uintx ProfiledCodeHeapSize                     = 122912730                              {pd product} {ergonomic}
    uintx ReservedCodeCacheSize                    = 251658240                              {pd product} {ergonomic}
     bool SegmentedCodeCache                       = true                                      {product} {ergonomic}
   size_t SoftMaxHeapSize                          = 1585446912                             {manageable} {ergonomic}
     bool UseCompressedClassPointers               = true                                 {lp64_product} {ergonomic}
     bool UseCompressedOops                        = true                                 {lp64_product} {ergonomic}
     bool UseG1GC                                  = true                                      {product} {ergonomic}
     bool UseLargePagesIndividualAllocation        = false                                  {pd product} {ergonomic}

Logging:
Log output configuration:
 #0: stdout all=warning uptime,level,tags
 #1: stderr all=off uptime,level,tags

Environment Variables:
PATH=C:\Program Files (x86)\Common Files\Oracle\Java\javapath;C:\WINDOWS\system32;C:\WINDOWS;C:\WINDOWS\System32\Wbem;C:\WINDOWS\System32\WindowsPowerShell\v1.0\;C:\Program Files\Microsoft SQL Server\130\Tools\Binn\;C:\Program Files (x86)\Windows Kits\10\Windows Performance Toolkit\;C:\xampp\php;C:\composer;C:\WINDOWS\System32\OpenSSH\;C:\Program Files\nodejs\;C:\Users\ALKODS\AppData\Local\Programs\Python\Python36\Scripts;C:\Program Files\Git\cmd;C:\Program Files\Git\mingw64\bin;C:\Program Files\Git\usr\bin;C:\Users\ALKODS\AppData\Local\Microsoft\WindowsApps;C:\Users\ALKODS\AppData\Roaming\Composer\vendor\bin;C:\Users\ALKODS\AppData\Roaming\npm;;C:\Users\ALKODS\AppData\Local\Programs\Microsoft VS Code\bin
USERNAME=ALKODS
OS=Windows_NT
PROCESSOR_IDENTIFIER=Intel64 Family 6 Model 58 Stepping 9, GenuineIntel



---------------  S Y S T E M  ---------------

OS: Windows 10 , 64 bit Build 19041 (10.0.19041.804)
OS uptime: 3 days 17:05 hours

CPU:total 4 (initial active 4) (2 cores per cpu, 2 threads per core) family 6 model 58 stepping 9, cmov, cx8, fxsr, mmx, sse, sse2, sse3, ssse3, sse4.1, sse4.2, popcnt, avx, aes, clmul, erms, ht, tsc, tscinvbit, tscinv

Memory: 4k page, system-wide physical 6046M (634M free)
TotalPageFile size 7697M (AvailPageFile size 38M)
current process WorkingSet (physical memory assigned to process): 225M, peak: 226M
current process commit charge ("private bytes"): 259M, peak: 261M

vm_info: Java HotSpot(TM) 64-Bit Server VM (14.0.2+12-46) for windows-amd64 JRE (14.0.2+12-46), built on Jul  9 2020 00:35:52 by "mach5one" with MS VC++ 15.9 (VS2017)

END.
